
ROM used: 2052 (6%)
          2052 (6%) including unused fragments

          5 Average locations per line
          128 Average locations per statement

RAM used: 18 (1%) at main() level
          40 (3%) worst case

Stack used: 2 worst case (out of 31 total available)

Lines Stmts  %   Files
----- ----- ---  -----
   48    16 100  main.c
  359     0   0  ..\..\..\..\..\PICC\devices\18F452.h
----- -----
  407    16 Total

Page ROM  %  RAM   Vol Diff  Functions:
---- --- --- ---   --- ----  ----------
0     38   1   1             @delay_ms1
0    422  10   4   481  5.1  MAIN
0      6   0   0             @const76
0     34   1   2             @PSTRINGC_9660_31766_31767
0     56   1   2             @ITOF
0    242   6  11             @MULFF
0    348   8  14             @DIVFF
0     68   2   5             @DIV1616
0     32   1   5             @MUL1616
0      2   0   0             @const92
0    164   4   9             @PRINTF_LU_9660_31766_31767
0     64   2   5             @FTOSD
0    142   3  13             @DIV3232
0    386   9  13             @PRINTF_L32D_9660_31766_31767FPFPF
0     10   0   0             @const104
0     34   1   3             @PSTRINGCN_9660_31766_31767

Program metrics:
    Functions               1
    Statements              16
    Comments                101
    Volume (V)              511
    Difficilty (D)          3.8
    Effort to implement (E) 1924
    Time to implement (T)   2 minutes
    Est Delivered Bugs (B)  0
    Cyclomatic Complexity   1
    Maintainability (MI)    100

 Segment     Used  Free
-----------  ----  ----
00000-00002     4  0  
00004-07FFE  2048  30716  



